I'm 0 of 10!!
I'm 5 of 10!!
05:    1    2    3    4    5    6    7    8    9   10 
05:  101  102  103  104  105  106  107  108  109  110 
05:  201  202  203  204  205  206  207  208  209  210 
05:  301  302  303  304  305  306  307  308  309  310 
05:  401  402  403  404  405  406  407  408  409  410 
05:  501  502  503  504  505  506  507  508  509  510 
05:  601  602  603  604  605  606  607  608  609  610 
05:  701  702  703  704  705  706  707  708  709  710 
I'm 6 of 10!!
05:  801  802  803  804  805  806  807  808  809  810 
05:  901  902  903  904  905  906  907  908  909  910 
I'm 1 of 10!!
01:    1    2    3    4    5    6    7    8    9   10 
01:  101  102  103  104  105  106  107  108  109  110 
01:  201  202  203  204  205  206  207  208  209  210 
01:  301  302  303  304  305  306  307  308  309  310 
I'm 2 of 10!!
I'm 8 of 10!!
I'm 9 of 10!!
09:    1    2    3    4    5    6    7    8    9   10 
09:  101  102  103  104  105  106  107  108  109  110 
09:  201  202  203  204  205  206  207  208  209  210 
09:  301  302  303  304  305  306  307  308  309  310 
09:  401  402  403  404  405  406  407  408  409  410 
09:  501  502  503  504  505  506  507  508  509  510 
I'm 7 of 10!!
07:    1    2    3    4    5    6    7    8    9   10 
07:  101  102  103  104  105  106  107  108  109  110 
07:  201  202  203  204  205  206  207  208  209  210 
07:  301  302  303  304  305  306  307  308  309  310 
07:  401  402  403  404  405  406  407  408  409  410 
07:  501  502  503  504  505  506  507  508  509  510 
07:  601  602  603  604  605  606  607  608  609  610 
07:  701  702  703  704  705  706  707  708  709  710 
07:  801  802  803  804  805  806  807  808  809  810 
07:  901  902  903  904  905  906  907  908  909  910 
I'm 3 of 10!!
03:    1    2    3    4    5    6    7    8    9   10 
03:  101  102  103  104  105  106  107  108  109  110 
03:  201  202  203  204  205  206  207  208  209  210 
03:  301  302  303  304  305  306  307  308  309  310 
03:  401  402  403  404  405  406  407  408  409  410 
03:  501  502  503  504  505  506  507  508  509  510 
03:  601  602  603  604  605  606  607  608  609  610 
03:  701  702  703  704  705  706  707  708  709  710 
03:  801  802  803  804  805  806  807  808  809  810 
03:  901  902  903  904  905  906  907  908  909  910 
01:  401  402  403  404  405  406  407  408  409  410 
01:  501  502  503  504  505  506  507  508  509  510 
01:  601  602  603  604  605  606  607  608  609  610 
01:  701  702  703  704  705  706  707  708  709  710 
09:  601  602  603  604  605  606  607  608  609  610 
09:  701  702  703  704  705  706  707  708  709  710 
09:  801  802  803  804  805  806  807  808  809  810 
09:  901  902  903  904  905  906  907  908  909  910 
I'm 4 of 10!!
01:  801  802  803  804  805  806  807  808  809  810 
01:  901  902  903  904  905  906  907  908  909  910 
Transpose a matrix in 0
00:    1  101  201  301  401  501  601  701  801  901 
00:    2  102  202  302  402  502  602  702  802  902 
00:    3  103  203  303  403  503  603  703  803  903 
00:    4  104  204  304  404  504  604  704  804  904 
00:    5  105  205  305  405  505  605  705  805  905 
00:    6  106  206  306  406  506  606  706  806  906 
00:    7  107  207  307  407  507  607  707  807  907 
00:    8  108  208  308  408  508  608  708  808  908 
00:    9  109  209  309  409  509  609  709  809  909 
00:   10  110  210  310  410  510  610  710  810  910 
Transpose a matrix in 6
06:    1  101  201  301  401  501  601  701  801  901 
06:    2  102  202  302  402  502  602  702  802  902 
06:    3  103  203  303  403  503  603  703  803  903 
06:    4  104  204  304  404  504  604  704  804  904 
06:    5  105  205  305  405  505  605  705  805  905 
06:    6  106  206  306  406  506  606  706  806  906 
06:    7  107  207  307  407  507  607  707  807  907 
06:    8  108  208  308  408  508  608  708  808  908 
06:    9  109  209  309  409  509  609  709  809  909 
06:   10  110  210  310  410  510  610  710  810  910 
Transpose a matrix in 8
08:    1  101  201  301  401  501  601  701  801  901 
08:    2  102  202  302  402  502  602  702  802  902 
08:    3  103  203  303  403  503  603  703  803  903 
08:    4  104  204  304  404  504  604  704  804  904 
08:    5  105  205  305  405  505  605  705  805  905 
08:    6  106  206  306  406  506  606  706  806  906 
08:    7  107  207  307  407  507  607  707  807  907 
08:    8  108  208  308  408  508  608  708  808  908 
08:    9  109  209  309  409  509  609  709  809  909 
08:   10  110  210  310  410  510  610  710  810  910 
Transpose a matrix in 2
02:    1  101  201  301  401  501  601  701  801  901 
02:    2  102  202  302  402  502  602  702  802  902 
02:    3  103  203  303  403  503  603  703  803  903 
02:    4  104  204  304  404  504  604  704  804  904 
02:    5  105  205  305  405  505  605  705  805  905 
02:    6  106  206  306  406  506  606  706  806  906 
02:    7  107  207  307  407  507  607  707  807  907 
02:    8  108  208  308  408  508  608  708  808  908 
02:    9  109  209  309  409  509  609  709  809  909 
02:   10  110  210  310  410  510  610  710  810  910 
Transpose a matrix in 4
04:    1  101  201  301  401  501  601  701  801  901 
04:    2  102  202  302  402  502  602  702  802  902 
04:    3  103  203  303  403  503  603  703  803  903 
04:    4  104  204  304  404  504  604  704  804  904 
04:    5  105  205  305  405  505  605  705  805  905 
04:    6  106  206  306  406  506  606  706  806  906 
04:    7  107  207  307  407  507  607  707  807  907 
04:    8  108  208  308  408  508  608  708  808  908 
04:    9  109  209  309  409  509  609  709  809  909 
04:   10  110  210  310  410  510  610  710  810  910 
