Hello from processor node-1[6] 0 of 10  
Hello from processor node-6[6] 5 of 10  
Hello from processor node-5[6] 4 of 10  
Hello from processor node-9[6] 8 of 10  
Hello from processor node-7[6] 6 of 10  
Hello from processor node-3[6] 2 of 10  
Hello from processor node-8[6] 7 of 10  
Hello from processor node-4[6] 3 of 10  
Hello from processor node-2[6] 1 of 10  
Hello from processor node-10[7] 9 of 10  
myrank =  1       10   11   12   13   14   15   16   17   18   19
myrank =  2       10   11   12   13   14   15   16   17   18   19
myrank =  3       10   11   12   13   14   15   16   17   18   19
myrank =  4       10   11   12   13   14   15   16   17   18   19
myrank =  5       10   11   12   13   14   15   16   17   18   19
myrank =  6       10   11   12   13   14   15   16   17   18   19
myrank =  7       10   11   12   13   14   15   16   17   18   19
myrank =  8       10   11   12   13   14   15   16   17   18   19
myrank =  9       10   11   12   13   14   15   16   17   18   19
myrank =  3       10   11   12   13   14   15   16   17   18   19
myrank =  7       10   11   12   13   14   15   16   17   18   19
myrank =  4       10   11   12   13   14   15   16   17   18   19
myrank =  8       10   11   12   13   14   15   16   17   18   19
myrank =  1       10   11   12   13   14   15   16   17   18   19
myrank =  2       10   11   12   13   14   15   16   17   18   19
myrank =  5       10   11   12   13   14   15   16   17   18   19
myrank =  6       10   11   12   13   14   15   16   17   18   19
myrank =  9       10   11   12   13   14   15   16   17   18   19
